# JRE version: Java(TM) SE Runtime Environment (21.0.1+12) (build 21.0.1+12-LTS-29)
# Java VM: Java HotSpot(TM) 64-Bit Server VM (21.0.1+12-LTS-29, mixed mode, sharing, tiered, compressed oops, compressed class ptrs, g1 gc, windows-amd64)
GC Precious Log:
 CardTable entry size: 512
 Card Set container configuration: InlinePtr #cards 5 size 8 Array Of Cards #cards 12 size 40 Howl #buckets 4 coarsen threshold 1843 Howl Bitmap #cards 512 size 80 coarsen threshold 460 Card regions per heap region 1 cards per card region 2048
 CPUs: 6 total, 6 available
 Memory: 8130M
 Large Page Support: Disabled
 NUMA Support: Disabled
 Compressed Oops: Enabled (32-bit)
 Heap Region Size: 1M
 Heap Min Capacity: 256M
 Heap Initial Capacity: 256M
 Heap Max Capacity: 512M
 Pre-touch: Disabled
 Parallel Workers: 6
 Concurrent Workers: 2
 Concurrent Refinement Workers: 6
 Periodic GC: Disabled
Heap:
 garbage-first heap   total 263168K, used 249938K [0x00000000e0000000, 0x0000000100000000)
  region size 1024K, 155 young (158720K), 12 survivors (12288K)
 Metaspace       used 114998K, committed 116736K, reserved 458752K
  class space    used 15410K, committed 16256K, reserved 327680K
GC Heap History (20 events):
Event: 12.238 GC heap after
{Heap after GC invocations=11 (full 0):
 garbage-first heap   total 262144K, used 44214K [0x00000000e0000000, 0x0000000100000000)
  region size 1024K, 5 young (5120K), 5 survivors (5120K)
 Metaspace       used 59491K, committed 61440K, reserved 393216K
  class space    used 8607K, committed 9600K, reserved 327680K
}
Event: 17.362 GC heap before
{Heap before GC invocations=12 (full 0):
 garbage-first heap   total 262144K, used 195766K [0x00000000e0000000, 0x0000000100000000)
  region size 1024K, 153 young (156672K), 5 survivors (5120K)
 Metaspace       used 69359K, committed 71296K, reserved 393216K
  class space    used 9783K, committed 10752K, reserved 327680K
}
Event: 17.381 GC heap after
{Heap after GC invocations=13 (full 0):
 garbage-first heap   total 262144K, used 56869K [0x00000000e0000000, 0x0000000100000000)
  region size 1024K, 18 young (18432K), 18 survivors (18432K)
 Metaspace       used 69359K, committed 71296K, reserved 393216K
  class space    used 9783K, committed 10752K, reserved 327680K
}
Event: 20.674 GC heap before
{Heap before GC invocations=13 (full 0):
 garbage-first heap   total 262144K, used 198181K [0x00000000e0000000, 0x0000000100000000)
  region size 1024K, 153 young (156672K), 18 survivors (18432K)
 Metaspace       used 80814K, committed 82816K, reserved 458752K
  class space    used 11186K, committed 12160K, reserved 327680K
}
Event: 20.691 GC heap after
{Heap after GC invocations=14 (full 0):
 garbage-first heap   total 262144K, used 66241K [0x00000000e0000000, 0x0000000100000000)
  region size 1024K, 8 young (8192K), 8 survivors (8192K)
 Metaspace       used 80814K, committed 82816K, reserved 458752K
  class space    used 11186K, committed 12160K, reserved 327680K
}
Event: 709.851 GC heap before
{Heap before GC invocations=14 (full 0):
 garbage-first heap   total 262144K, used 126657K [0x00000000e0000000, 0x0000000100000000)
  region size 1024K, 69 young (70656K), 8 survivors (8192K)
 Metaspace       used 82407K, committed 84480K, reserved 458752K
  class space    used 11385K, committed 12416K, reserved 327680K
}
Event: 709.917 GC heap after
{Heap after GC invocations=15 (full 0):
 garbage-first heap   total 262144K, used 65765K [0x00000000e0000000, 0x0000000100000000)
  region size 1024K, 9 young (9216K), 9 survivors (9216K)
 Metaspace       used 82407K, committed 84480K, reserved 458752K
  class space    used 11385K, committed 12416K, reserved 327680K
}
Event: 958.873 GC heap before
{Heap before GC invocations=16 (full 0):
 garbage-first heap   total 262144K, used 229605K [0x00000000e0000000, 0x0000000100000000)
  region size 1024K, 153 young (156672K), 9 survivors (9216K)
 Metaspace       used 84576K, committed 86144K, reserved 458752K
  class space    used 11470K, committed 12416K, reserved 327680K
}
Event: 958.973 GC heap after
{Heap after GC invocations=17 (full 0):
 garbage-first heap   total 262144K, used 85612K [0x00000000e0000000, 0x0000000100000000)
  region size 1024K, 14 young (14336K), 14 survivors (14336K)
 Metaspace       used 84576K, committed 86144K, reserved 458752K
  class space    used 11470K, committed 12416K, reserved 327680K
}
Event: 980.234 GC heap before
{Heap before GC invocations=17 (full 0):
 garbage-first heap   total 262144K, used 226924K [0x00000000e0000000, 0x0000000100000000)
  region size 1024K, 154 young (157696K), 14 survivors (14336K)
 Metaspace       used 90334K, committed 91520K, reserved 458752K
  class space    used 12570K, committed 13120K, reserved 327680K
}
Event: 980.295 GC heap after
{Heap after GC invocations=18 (full 0):
 garbage-first heap   total 262144K, used 85432K [0x00000000e0000000, 0x0000000100000000)
  region size 1024K, 15 young (15360K), 15 survivors (15360K)
 Metaspace       used 90334K, committed 91520K, reserved 458752K
  class space    used 12570K, committed 13120K, reserved 327680K
}
Event: 980.822 GC heap before
{Heap before GC invocations=18 (full 0):
 garbage-first heap   total 262144K, used 225720K [0x00000000e0000000, 0x0000000100000000)
  region size 1024K, 153 young (156672K), 15 survivors (15360K)
 Metaspace       used 90541K, committed 91776K, reserved 458752K
  class space    used 12584K, committed 13184K, reserved 327680K
}
Event: 980.837 GC heap after
{Heap after GC invocations=19 (full 0):
 garbage-first heap   total 262144K, used 85131K [0x00000000e0000000, 0x0000000100000000)
  region size 1024K, 5 young (5120K), 5 survivors (5120K)
 Metaspace       used 90541K, committed 91776K, reserved 458752K
  class space    used 12584K, committed 13184K, reserved 327680K
}
Event: 983.800 GC heap before
{Heap before GC invocations=20 (full 0):
 garbage-first heap   total 262144K, used 236683K [0x00000000e0000000, 0x0000000100000000)
  region size 1024K, 153 young (156672K), 5 survivors (5120K)
 Metaspace       used 89462K, committed 91008K, reserved 458752K
  class space    used 12477K, committed 13120K, reserved 327680K
}
Event: 983.806 GC heap after
{Heap after GC invocations=21 (full 0):
 garbage-first heap   total 262144K, used 86741K [0x00000000e0000000, 0x0000000100000000)
  region size 1024K, 7 young (7168K), 7 survivors (7168K)
 Metaspace       used 89462K, committed 91008K, reserved 458752K
  class space    used 12477K, committed 13120K, reserved 327680K
}
Event: 1000.886 GC heap before
{Heap before GC invocations=21 (full 0):
 garbage-first heap   total 262144K, used 243413K [0x00000000e0000000, 0x0000000100000000)
  region size 1024K, 153 young (156672K), 7 survivors (7168K)
 Metaspace       used 93936K, committed 95232K, reserved 458752K
  class space    used 12939K, committed 13568K, reserved 327680K
}
Event: 1001.027 GC heap after
{Heap after GC invocations=22 (full 0):
 garbage-first heap   total 262144K, used 87604K [0x00000000e0000000, 0x0000000100000000)
  region size 1024K, 9 young (9216K), 9 survivors (9216K)
 Metaspace       used 93936K, committed 95232K, reserved 458752K
  class space    used 12939K, committed 13568K, reserved 327680K
}
Event: 1010.559 GC heap before
{Heap before GC invocations=22 (full 0):
 garbage-first heap   total 262144K, used 183860K [0x00000000e0000000, 0x0000000100000000)
  region size 1024K, 104 young (106496K), 9 survivors (9216K)
 Metaspace       used 103519K, committed 104896K, reserved 458752K
  class space    used 14151K, committed 14848K, reserved 327680K
}
Event: 1010.769 GC heap after
{Heap after GC invocations=23 (full 0):
 garbage-first heap   total 262144K, used 89170K [0x00000000e0000000, 0x0000000100000000)
  region size 1024K, 10 young (10240K), 10 survivors (10240K)
 Metaspace       used 103519K, committed 104896K, reserved 458752K
  class space    used 14151K, committed 14848K, reserved 327680K
}
Event: 1026.589 GC heap before
{Heap before GC invocations=24 (full 0):
 garbage-first heap   total 262144K, used 249938K [0x00000000e0000000, 0x0000000100000000)
  region size 1024K, 153 young (156672K), 10 survivors (10240K)
 Metaspace       used 114998K, committed 116736K, reserved 458752K
  class space    used 15410K, committed 16256K, reserved 327680K
}

